<?xml version="1.0" encoding="UTF-8"?>
<coverage generated="1542574205">
  <project timestamp="1542574205">
    <package name="App">
      <file name="/Users/freid/www/octane/restaurant-api/src/app/helper.php">
        <class name="App\Helper" namespace="App" fullPackage="App" package="App">
          <metrics complexity="3" methods="2" coveredmethods="0" conditionals="0" coveredconditionals="0" statements="5" coveredstatements="0" elements="7" coveredelements="0"/>
        </class>
        <line num="16" type="method" name="arrayKeysExists" visibility="public" complexity="1" crap="2.00" count="0"/>
        <line num="18" type="stmt" count="0"/>
        <line num="25" type="method" name="arrayRemoveAssocKeys" visibility="public" complexity="2" crap="6.00" count="0"/>
        <line num="27" type="stmt" count="0"/>
        <line num="28" type="stmt" count="0"/>
        <line num="29" type="stmt" count="0"/>
        <line num="32" type="stmt" count="0"/>
        <metrics loc="33" ncloc="20" classes="1" methods="2" coveredmethods="0" conditionals="0" coveredconditionals="0" statements="5" coveredstatements="0" elements="7" coveredelements="0"/>
      </file>
      <file name="/Users/freid/www/octane/restaurant-api/src/app/repository/BillRepository.php">
        <class name="App\BillRepository" namespace="App" fullPackage="App" package="App">
          <metrics complexity="6" methods="2" coveredmethods="0" conditionals="0" coveredconditionals="0" statements="12" coveredstatements="0" elements="14" coveredelements="0"/>
        </class>
        <line num="31" type="method" name="__construct" visibility="public" complexity="1" crap="2.00" count="0"/>
        <line num="34" type="stmt" count="0"/>
        <line num="35" type="stmt" count="0"/>
        <line num="36" type="stmt" count="0"/>
        <line num="44" type="method" name="fetchAll" visibility="public" complexity="5" crap="30.00" count="0"/>
        <line num="46" type="stmt" count="0"/>
        <line num="49" type="stmt" count="0"/>
        <line num="50" type="stmt" count="0"/>
        <line num="51" type="stmt" count="0"/>
        <line num="53" type="stmt" count="0"/>
        <line num="54" type="stmt" count="0"/>
        <line num="57" type="stmt" count="0"/>
        <line num="58" type="stmt" count="0"/>
        <line num="61" type="stmt" count="0"/>
        <metrics loc="63" ncloc="42" classes="1" methods="2" coveredmethods="0" conditionals="0" coveredconditionals="0" statements="12" coveredstatements="0" elements="14" coveredelements="0"/>
      </file>
      <file name="/Users/freid/www/octane/restaurant-api/src/app/repository/CustomerRepository.php">
        <class name="App\CustomerRepository" namespace="App" fullPackage="App" package="App">
          <metrics complexity="15" methods="4" coveredmethods="0" conditionals="0" coveredconditionals="0" statements="31" coveredstatements="0" elements="35" coveredelements="0"/>
        </class>
        <line num="30" type="method" name="__construct" visibility="public" complexity="1" crap="2.00" count="0"/>
        <line num="32" type="stmt" count="0"/>
        <line num="33" type="stmt" count="0"/>
        <line num="34" type="stmt" count="0"/>
        <line num="40" type="method" name="fetch" visibility="public" complexity="4" crap="20.00" count="0"/>
        <line num="42" type="stmt" count="0"/>
        <line num="43" type="stmt" count="0"/>
        <line num="45" type="stmt" count="0"/>
        <line num="46" type="stmt" count="0"/>
        <line num="48" type="stmt" count="0"/>
        <line num="50" type="stmt" count="0"/>
        <line num="58" type="method" name="fetchAll" visibility="public" complexity="6" crap="42.00" count="0"/>
        <line num="60" type="stmt" count="0"/>
        <line num="61" type="stmt" count="0"/>
        <line num="62" type="stmt" count="0"/>
        <line num="64" type="stmt" count="0"/>
        <line num="65" type="stmt" count="0"/>
        <line num="66" type="stmt" count="0"/>
        <line num="67" type="stmt" count="0"/>
        <line num="70" type="stmt" count="0"/>
        <line num="71" type="stmt" count="0"/>
        <line num="72" type="stmt" count="0"/>
        <line num="75" type="stmt" count="0"/>
        <line num="77" type="stmt" count="0"/>
        <line num="78" type="stmt" count="0"/>
        <line num="80" type="stmt" count="0"/>
        <line num="87" type="method" name="hydrateCustomer" visibility="private" complexity="4" crap="20.00" count="0"/>
        <line num="89" type="stmt" count="0"/>
        <line num="91" type="stmt" count="0"/>
        <line num="94" type="stmt" count="0"/>
        <line num="96" type="stmt" count="0"/>
        <line num="99" type="stmt" count="0"/>
        <line num="100" type="stmt" count="0"/>
        <line num="101" type="stmt" count="0"/>
        <line num="102" type="stmt" count="0"/>
        <metrics loc="105" ncloc="77" classes="1" methods="4" coveredmethods="0" conditionals="0" coveredconditionals="0" statements="31" coveredstatements="0" elements="35" coveredelements="0"/>
      </file>
      <file name="/Users/freid/www/octane/restaurant-api/src/app/repository/OrderRepository.php">
        <class name="App\OrderRepository" namespace="App" fullPackage="App" package="App">
          <metrics complexity="20" methods="8" coveredmethods="0" conditionals="0" coveredconditionals="0" statements="68" coveredstatements="0" elements="76" coveredelements="0"/>
        </class>
        <line num="33" type="method" name="__construct" visibility="public" complexity="1" crap="2.00" count="0"/>
        <line num="35" type="stmt" count="0"/>
        <line num="36" type="stmt" count="0"/>
        <line num="37" type="stmt" count="0"/>
        <line num="43" type="method" name="fetch" visibility="public" complexity="3" crap="12.00" count="0"/>
        <line num="45" type="stmt" count="0"/>
        <line num="47" type="stmt" count="0"/>
        <line num="55" type="method" name="fetchAll" visibility="public" complexity="6" crap="42.00" count="0"/>
        <line num="57" type="stmt" count="0"/>
        <line num="68" type="stmt" count="0"/>
        <line num="69" type="stmt" count="0"/>
        <line num="71" type="stmt" count="0"/>
        <line num="72" type="stmt" count="0"/>
        <line num="73" type="stmt" count="0"/>
        <line num="74" type="stmt" count="0"/>
        <line num="77" type="stmt" count="0"/>
        <line num="78" type="stmt" count="0"/>
        <line num="79" type="stmt" count="0"/>
        <line num="82" type="stmt" count="0"/>
        <line num="84" type="stmt" count="0"/>
        <line num="85" type="stmt" count="0"/>
        <line num="87" type="stmt" count="0"/>
        <line num="88" type="stmt" count="0"/>
        <line num="89" type="stmt" count="0"/>
        <line num="90" type="stmt" count="0"/>
        <line num="91" type="stmt" count="0"/>
        <line num="100" type="method" name="create" visibility="public" complexity="1" crap="2.00" count="0"/>
        <line num="102" type="stmt" count="0"/>
        <line num="103" type="stmt" count="0"/>
        <line num="104" type="stmt" count="0"/>
        <line num="106" type="stmt" count="0"/>
        <line num="116" type="method" name="appendOrderedItem" visibility="public" complexity="3" crap="12.00" count="0"/>
        <line num="118" type="stmt" count="0"/>
        <line num="119" type="stmt" count="0"/>
        <line num="120" type="stmt" count="0"/>
        <line num="121" type="stmt" count="0"/>
        <line num="122" type="stmt" count="0"/>
        <line num="123" type="stmt" count="0"/>
        <line num="124" type="stmt" count="0"/>
        <line num="127" type="stmt" count="0"/>
        <line num="134" type="method" name="removeOrderedItem" visibility="public" complexity="1" crap="2.00" count="0"/>
        <line num="136" type="stmt" count="0"/>
        <line num="137" type="stmt" count="0"/>
        <line num="138" type="stmt" count="0"/>
        <line num="140" type="stmt" count="0"/>
        <line num="147" type="method" name="delete" visibility="public" complexity="1" crap="2.00" count="0"/>
        <line num="149" type="stmt" count="0"/>
        <line num="150" type="stmt" count="0"/>
        <line num="151" type="stmt" count="0"/>
        <line num="153" type="stmt" count="0"/>
        <line num="154" type="stmt" count="0"/>
        <line num="155" type="stmt" count="0"/>
        <line num="157" type="stmt" count="0"/>
        <line num="165" type="method" name="hydrateOrder" visibility="private" complexity="4" crap="20.00" count="0"/>
        <line num="167" type="stmt" count="0"/>
        <line num="168" type="stmt" count="0"/>
        <line num="179" type="stmt" count="0"/>
        <line num="181" type="stmt" count="0"/>
        <line num="184" type="stmt" count="0"/>
        <line num="185" type="stmt" count="0"/>
        <line num="186" type="stmt" count="0"/>
        <line num="187" type="stmt" count="0"/>
        <line num="188" type="stmt" count="0"/>
        <line num="189" type="stmt" count="0"/>
        <line num="190" type="stmt" count="0"/>
        <line num="195" type="stmt" count="0"/>
        <line num="196" type="stmt" count="0"/>
        <line num="197" type="stmt" count="0"/>
        <line num="198" type="stmt" count="0"/>
        <line num="199" type="stmt" count="0"/>
        <line num="200" type="stmt" count="0"/>
        <line num="201" type="stmt" count="0"/>
        <line num="202" type="stmt" count="0"/>
        <line num="204" type="stmt" count="0"/>
        <line num="205" type="stmt" count="0"/>
        <line num="209" type="stmt" count="0"/>
        <metrics loc="210" ncloc="162" classes="1" methods="8" coveredmethods="0" conditionals="0" coveredconditionals="0" statements="68" coveredstatements="0" elements="76" coveredelements="0"/>
      </file>
      <file name="/Users/freid/www/octane/restaurant-api/src/app/repository/RestaurantRepository.php">
        <class name="App\RestaurantRepository" namespace="App" fullPackage="App" package="App">
          <metrics complexity="18" methods="4" coveredmethods="0" conditionals="0" coveredconditionals="0" statements="53" coveredstatements="0" elements="57" coveredelements="0"/>
        </class>
        <line num="31" type="method" name="__construct" visibility="public" complexity="1" crap="2.00" count="0"/>
        <line num="33" type="stmt" count="0"/>
        <line num="34" type="stmt" count="0"/>
        <line num="35" type="stmt" count="0"/>
        <line num="43" type="method" name="fetchAll" visibility="public" complexity="9" crap="90.00" count="0"/>
        <line num="45" type="stmt" count="0"/>
        <line num="49" type="stmt" count="0"/>
        <line num="50" type="stmt" count="0"/>
        <line num="52" type="stmt" count="0"/>
        <line num="53" type="stmt" count="0"/>
        <line num="54" type="stmt" count="0"/>
        <line num="55" type="stmt" count="0"/>
        <line num="58" type="stmt" count="0"/>
        <line num="59" type="stmt" count="0"/>
        <line num="60" type="stmt" count="0"/>
        <line num="61" type="stmt" count="0"/>
        <line num="64" type="stmt" count="0"/>
        <line num="65" type="stmt" count="0"/>
        <line num="66" type="stmt" count="0"/>
        <line num="69" type="stmt" count="0"/>
        <line num="71" type="stmt" count="0"/>
        <line num="72" type="stmt" count="0"/>
        <line num="74" type="stmt" count="0"/>
        <line num="75" type="stmt" count="0"/>
        <line num="76" type="stmt" count="0"/>
        <line num="77" type="stmt" count="0"/>
        <line num="78" type="stmt" count="0"/>
        <line num="87" type="method" name="fetchMenuItem" visibility="public" complexity="4" crap="20.00" count="0"/>
        <line num="89" type="stmt" count="0"/>
        <line num="90" type="stmt" count="0"/>
        <line num="91" type="stmt" count="0"/>
        <line num="93" type="stmt" count="0"/>
        <line num="95" type="stmt" count="0"/>
        <line num="96" type="stmt" count="0"/>
        <line num="101" type="stmt" count="0"/>
        <line num="103" type="stmt" count="0"/>
        <line num="106" type="stmt" count="0"/>
        <line num="107" type="stmt" count="0"/>
        <line num="108" type="stmt" count="0"/>
        <line num="109" type="stmt" count="0"/>
        <line num="110" type="stmt" count="0"/>
        <line num="119" type="method" name="hydrateRestaurant" visibility="private" complexity="4" crap="20.00" count="0"/>
        <line num="121" type="stmt" count="0"/>
        <line num="122" type="stmt" count="0"/>
        <line num="127" type="stmt" count="0"/>
        <line num="129" type="stmt" count="0"/>
        <line num="132" type="stmt" count="0"/>
        <line num="133" type="stmt" count="0"/>
        <line num="134" type="stmt" count="0"/>
        <line num="135" type="stmt" count="0"/>
        <line num="139" type="stmt" count="0"/>
        <line num="140" type="stmt" count="0"/>
        <line num="141" type="stmt" count="0"/>
        <line num="142" type="stmt" count="0"/>
        <line num="143" type="stmt" count="0"/>
        <line num="144" type="stmt" count="0"/>
        <line num="148" type="stmt" count="0"/>
        <metrics loc="150" ncloc="120" classes="1" methods="4" coveredmethods="0" conditionals="0" coveredconditionals="0" statements="53" coveredstatements="0" elements="57" coveredelements="0"/>
      </file>
      <file name="/Users/freid/www/octane/restaurant-api/src/app/repository/TransactionRepository.php">
        <class name="App\TransactionRepository" namespace="App" fullPackage="App" package="App">
          <metrics complexity="12" methods="4" coveredmethods="0" conditionals="0" coveredconditionals="0" statements="53" coveredstatements="0" elements="57" coveredelements="0"/>
        </class>
        <line num="34" type="method" name="__construct" visibility="public" complexity="1" crap="2.00" count="0"/>
        <line num="36" type="stmt" count="0"/>
        <line num="37" type="stmt" count="0"/>
        <line num="38" type="stmt" count="0"/>
        <line num="45" type="method" name="fetchAll" visibility="public" complexity="6" crap="42.00" count="0"/>
        <line num="47" type="stmt" count="0"/>
        <line num="68" type="stmt" count="0"/>
        <line num="69" type="stmt" count="0"/>
        <line num="71" type="stmt" count="0"/>
        <line num="72" type="stmt" count="0"/>
        <line num="73" type="stmt" count="0"/>
        <line num="74" type="stmt" count="0"/>
        <line num="77" type="stmt" count="0"/>
        <line num="78" type="stmt" count="0"/>
        <line num="79" type="stmt" count="0"/>
        <line num="82" type="stmt" count="0"/>
        <line num="84" type="stmt" count="0"/>
        <line num="85" type="stmt" count="0"/>
        <line num="87" type="stmt" count="0"/>
        <line num="97" type="method" name="create" visibility="public" complexity="1" crap="2.00" count="0"/>
        <line num="99" type="stmt" count="0"/>
        <line num="100" type="stmt" count="0"/>
        <line num="101" type="stmt" count="0"/>
        <line num="102" type="stmt" count="0"/>
        <line num="103" type="stmt" count="0"/>
        <line num="104" type="stmt" count="0"/>
        <line num="105" type="stmt" count="0"/>
        <line num="108" type="stmt" count="0"/>
        <line num="115" type="method" name="hydrateTransaction" visibility="private" complexity="4" crap="20.00" count="0"/>
        <line num="117" type="stmt" count="0"/>
        <line num="119" type="stmt" count="0"/>
        <line num="129" type="stmt" count="0"/>
        <line num="131" type="stmt" count="0"/>
        <line num="134" type="stmt" count="0"/>
        <line num="135" type="stmt" count="0"/>
        <line num="136" type="stmt" count="0"/>
        <line num="137" type="stmt" count="0"/>
        <line num="138" type="stmt" count="0"/>
        <line num="139" type="stmt" count="0"/>
        <line num="142" type="stmt" count="0"/>
        <line num="143" type="stmt" count="0"/>
        <line num="144" type="stmt" count="0"/>
        <line num="145" type="stmt" count="0"/>
        <line num="146" type="stmt" count="0"/>
        <line num="147" type="stmt" count="0"/>
        <line num="148" type="stmt" count="0"/>
        <line num="150" type="stmt" count="0"/>
        <line num="151" type="stmt" count="0"/>
        <line num="154" type="stmt" count="0"/>
        <line num="155" type="stmt" count="0"/>
        <line num="156" type="stmt" count="0"/>
        <line num="157" type="stmt" count="0"/>
        <line num="158" type="stmt" count="0"/>
        <line num="159" type="stmt" count="0"/>
        <line num="161" type="stmt" count="0"/>
        <line num="162" type="stmt" count="0"/>
        <line num="163" type="stmt" count="0"/>
        <metrics loc="166" ncloc="135" classes="1" methods="4" coveredmethods="0" conditionals="0" coveredconditionals="0" statements="53" coveredstatements="0" elements="57" coveredelements="0"/>
      </file>
      <file name="/Users/freid/www/octane/restaurant-api/src/app/response.php">
        <class name="App\Response" namespace="App" fullPackage="App" package="App">
          <metrics complexity="3" methods="3" coveredmethods="0" conditionals="0" coveredconditionals="0" statements="5" coveredstatements="0" elements="8" coveredelements="0"/>
        </class>
        <line num="16" type="method" name="__construct" visibility="public" complexity="1" crap="2.00" count="0"/>
        <line num="18" type="stmt" count="0"/>
        <line num="19" type="stmt" count="0"/>
        <line num="20" type="stmt" count="0"/>
        <line num="25" type="method" name="getCode" visibility="public" complexity="1" crap="2.00" count="0"/>
        <line num="27" type="stmt" count="0"/>
        <line num="33" type="method" name="getJsonBody" visibility="public" complexity="1" crap="2.00" count="0"/>
        <line num="35" type="stmt" count="0"/>
        <metrics loc="36" ncloc="21" classes="1" methods="3" coveredmethods="0" conditionals="0" coveredconditionals="0" statements="5" coveredstatements="0" elements="8" coveredelements="0"/>
      </file>
      <file name="/Users/freid/www/octane/restaurant-api/src/app/router.php">
        <class name="App\Router" namespace="App" fullPackage="App" package="App">
          <metrics complexity="23" methods="6" coveredmethods="0" conditionals="0" coveredconditionals="0" statements="89" coveredstatements="0" elements="95" coveredelements="0"/>
        </class>
        <line num="42" type="method" name="__construct" visibility="public" complexity="4" crap="20.00" count="0"/>
        <line num="44" type="stmt" count="0"/>
        <line num="45" type="stmt" count="0"/>
        <line num="46" type="stmt" count="0"/>
        <line num="48" type="stmt" count="0"/>
        <line num="50" type="stmt" count="0"/>
        <line num="51" type="stmt" count="0"/>
        <line num="52" type="stmt" count="0"/>
        <line num="53" type="stmt" count="0"/>
        <line num="56" type="stmt" count="0"/>
        <line num="58" type="stmt" count="0"/>
        <line num="59" type="stmt" count="0"/>
        <line num="65" type="method" name="getParameter" visibility="public" complexity="3" crap="12.00" count="0"/>
        <line num="67" type="stmt" count="0"/>
        <line num="68" type="stmt" count="0"/>
        <line num="69" type="stmt" count="0"/>
        <line num="71" type="stmt" count="0"/>
        <line num="77" type="method" name="detectRequestBody" visibility="public" complexity="1" crap="2.00" count="0"/>
        <line num="79" type="stmt" count="0"/>
        <line num="80" type="stmt" count="0"/>
        <line num="81" type="stmt" count="0"/>
        <line num="82" type="stmt" count="0"/>
        <line num="84" type="stmt" count="0"/>
        <line num="90" type="method" name="parseJsonBody" visibility="public" complexity="1" crap="2.00" count="0"/>
        <line num="92" type="stmt" count="0"/>
        <line num="95" type="method" name="health" visibility="public" complexity="1" crap="2.00" count="0"/>
        <line num="98" type="stmt" count="0"/>
        <line num="103" type="method" name="route" visibility="public" complexity="13" crap="182.00" count="0"/>
        <line num="106" type="stmt" count="0"/>
        <line num="107" type="stmt" count="0"/>
        <line num="108" type="stmt" count="0"/>
        <line num="110" type="stmt" count="0"/>
        <line num="111" type="stmt" count="0"/>
        <line num="112" type="stmt" count="0"/>
        <line num="115" type="stmt" count="0"/>
        <line num="116" type="stmt" count="0"/>
        <line num="118" type="stmt" count="0"/>
        <line num="119" type="stmt" count="0"/>
        <line num="120" type="stmt" count="0"/>
        <line num="123" type="stmt" count="0"/>
        <line num="124" type="stmt" count="0"/>
        <line num="127" type="stmt" count="0"/>
        <line num="128" type="stmt" count="0"/>
        <line num="129" type="stmt" count="0"/>
        <line num="130" type="stmt" count="0"/>
        <line num="133" type="stmt" count="0"/>
        <line num="134" type="stmt" count="0"/>
        <line num="135" type="stmt" count="0"/>
        <line num="136" type="stmt" count="0"/>
        <line num="137" type="stmt" count="0"/>
        <line num="140" type="stmt" count="0"/>
        <line num="141" type="stmt" count="0"/>
        <line num="142" type="stmt" count="0"/>
        <line num="145" type="stmt" count="0"/>
        <line num="146" type="stmt" count="0"/>
        <line num="147" type="stmt" count="0"/>
        <line num="148" type="stmt" count="0"/>
        <line num="149" type="stmt" count="0"/>
        <line num="152" type="stmt" count="0"/>
        <line num="154" type="stmt" count="0"/>
        <line num="155" type="stmt" count="0"/>
        <line num="156" type="stmt" count="0"/>
        <line num="157" type="stmt" count="0"/>
        <line num="158" type="stmt" count="0"/>
        <line num="161" type="stmt" count="0"/>
        <line num="163" type="stmt" count="0"/>
        <line num="164" type="stmt" count="0"/>
        <line num="165" type="stmt" count="0"/>
        <line num="166" type="stmt" count="0"/>
        <line num="167" type="stmt" count="0"/>
        <line num="170" type="stmt" count="0"/>
        <line num="171" type="stmt" count="0"/>
        <line num="172" type="stmt" count="0"/>
        <line num="175" type="stmt" count="0"/>
        <line num="176" type="stmt" count="0"/>
        <line num="177" type="stmt" count="0"/>
        <line num="178" type="stmt" count="0"/>
        <line num="179" type="stmt" count="0"/>
        <line num="182" type="stmt" count="0"/>
        <line num="183" type="stmt" count="0"/>
        <line num="186" type="stmt" count="0"/>
        <line num="187" type="stmt" count="0"/>
        <line num="188" type="stmt" count="0"/>
        <line num="189" type="stmt" count="0"/>
        <line num="190" type="stmt" count="0"/>
        <line num="194" type="stmt" count="0"/>
        <line num="195" type="stmt" count="0"/>
        <line num="196" type="stmt" count="0"/>
        <line num="197" type="stmt" count="0"/>
        <line num="220" type="stmt" count="0"/>
        <line num="221" type="stmt" count="0"/>
        <line num="224" type="stmt" count="0"/>
        <line num="226" type="stmt" count="0"/>
        <line num="227" type="stmt" count="0"/>
        <line num="229" type="stmt" count="0"/>
        <metrics loc="229" ncloc="153" classes="1" methods="6" coveredmethods="0" conditionals="0" coveredconditionals="0" statements="89" coveredstatements="0" elements="95" coveredelements="0"/>
      </file>
      <file name="/Users/freid/www/octane/restaurant-api/src/app/routes/BillRoute.php">
        <class name="App\BillRoute" namespace="App" fullPackage="App" package="App">
          <metrics complexity="18" methods="7" coveredmethods="0" conditionals="0" coveredconditionals="0" statements="48" coveredstatements="0" elements="55" coveredelements="0"/>
        </class>
        <line num="26" type="method" name="__construct" visibility="public" complexity="1" crap="2.00" count="0"/>
        <line num="28" type="stmt" count="0"/>
        <line num="29" type="stmt" count="0"/>
        <line num="37" type="method" name="bills" visibility="public" complexity="4" crap="20.00" count="0"/>
        <line num="41" type="stmt" count="0"/>
        <line num="42" type="stmt" count="0"/>
        <line num="43" type="stmt" count="0"/>
        <line num="44" type="stmt" count="0"/>
        <line num="45" type="stmt" count="0"/>
        <line num="46" type="stmt" count="0"/>
        <line num="47" type="stmt" count="0"/>
        <line num="48" type="stmt" count="0"/>
        <line num="49" type="stmt" count="0"/>
        <line num="50" type="stmt" count="0"/>
        <line num="51" type="stmt" count="0"/>
        <line num="52" type="stmt" count="0"/>
        <line num="55" type="stmt" count="0"/>
        <line num="57" type="stmt" count="0"/>
        <line num="64" type="method" name="pay" visibility="public" complexity="2" crap="6.00" count="0"/>
        <line num="66" type="stmt" count="0"/>
        <line num="67" type="stmt" count="0"/>
        <line num="68" type="stmt" count="0"/>
        <line num="76" type="stmt" count="0"/>
        <line num="83" type="method" name="tip" visibility="public" complexity="2" crap="6.00" count="0"/>
        <line num="85" type="stmt" count="0"/>
        <line num="86" type="stmt" count="0"/>
        <line num="87" type="stmt" count="0"/>
        <line num="90" type="stmt" count="0"/>
        <line num="98" type="method" name="validateBody" visibility="private" complexity="7" crap="56.00" count="0"/>
        <line num="100" type="stmt" count="0"/>
        <line num="101" type="stmt" count="0"/>
        <line num="102" type="stmt" count="0"/>
        <line num="105" type="stmt" count="0"/>
        <line num="106" type="stmt" count="0"/>
        <line num="109" type="stmt" count="0"/>
        <line num="110" type="stmt" count="0"/>
        <line num="113" type="stmt" count="0"/>
        <line num="120" type="method" name="formatOrderedItems" visibility="private" complexity="1" crap="2.00" count="0"/>
        <line num="124" type="stmt" count="0"/>
        <line num="126" type="stmt" count="0"/>
        <line num="127" type="stmt" count="0"/>
        <line num="128" type="stmt" count="0"/>
        <line num="130" type="stmt" count="0"/>
        <line num="131" type="stmt" count="0"/>
        <line num="133" type="stmt" count="0"/>
        <line num="134" type="stmt" count="0"/>
        <line num="142" type="method" name="formatTransactions" visibility="private" complexity="1" crap="2.00" count="0"/>
        <line num="146" type="stmt" count="0"/>
        <line num="147" type="stmt" count="0"/>
        <line num="150" type="stmt" count="0"/>
        <line num="151" type="stmt" count="0"/>
        <line num="153" type="stmt" count="0"/>
        <line num="154" type="stmt" count="0"/>
        <line num="155" type="stmt" count="0"/>
        <line num="157" type="stmt" count="0"/>
        <metrics loc="158" ncloc="112" classes="1" methods="7" coveredmethods="0" conditionals="0" coveredconditionals="0" statements="48" coveredstatements="0" elements="55" coveredelements="0"/>
      </file>
      <file name="/Users/freid/www/octane/restaurant-api/src/app/routes/CustomerRoute.php">
        <class name="App\CustomerRoute" namespace="App" fullPackage="App" package="App">
          <metrics complexity="3" methods="2" coveredmethods="0" conditionals="0" coveredconditionals="0" statements="7" coveredstatements="0" elements="9" coveredelements="0"/>
        </class>
        <line num="23" type="method" name="__construct" visibility="public" complexity="1" crap="2.00" count="0"/>
        <line num="25" type="stmt" count="0"/>
        <line num="26" type="stmt" count="0"/>
        <line num="33" type="method" name="customers" visibility="public" complexity="2" crap="6.00" count="0"/>
        <line num="37" type="stmt" count="0"/>
        <line num="38" type="stmt" count="0"/>
        <line num="39" type="stmt" count="0"/>
        <line num="41" type="stmt" count="0"/>
        <line num="43" type="stmt" count="0"/>
        <metrics loc="44" ncloc="28" classes="1" methods="2" coveredmethods="0" conditionals="0" coveredconditionals="0" statements="7" coveredstatements="0" elements="9" coveredelements="0"/>
      </file>
      <file name="/Users/freid/www/octane/restaurant-api/src/app/routes/OrderRoute.php">
        <class name="App\OrderRoute" namespace="App" fullPackage="App" package="App">
          <metrics complexity="37" methods="8" coveredmethods="0" conditionals="0" coveredconditionals="0" statements="90" coveredstatements="0" elements="98" coveredelements="0"/>
        </class>
        <line num="39" type="method" name="__construct" visibility="public" complexity="1" crap="2.00" count="0"/>
        <line num="43" type="stmt" count="0"/>
        <line num="44" type="stmt" count="0"/>
        <line num="45" type="stmt" count="0"/>
        <line num="46" type="stmt" count="0"/>
        <line num="53" type="method" name="orders" visibility="public" complexity="4" crap="20.00" count="0"/>
        <line num="57" type="stmt" count="0"/>
        <line num="58" type="stmt" count="0"/>
        <line num="59" type="stmt" count="0"/>
        <line num="61" type="stmt" count="0"/>
        <line num="63" type="stmt" count="0"/>
        <line num="70" type="method" name="createOrder" visibility="public" complexity="5" crap="30.00" count="0"/>
        <line num="72" type="stmt" count="0"/>
        <line num="74" type="stmt" count="0"/>
        <line num="75" type="stmt" count="0"/>
        <line num="76" type="stmt" count="0"/>
        <line num="79" type="stmt" count="0"/>
        <line num="80" type="stmt" count="0"/>
        <line num="81" type="stmt" count="0"/>
        <line num="82" type="stmt" count="0"/>
        <line num="83" type="stmt" count="0"/>
        <line num="86" type="stmt" count="0"/>
        <line num="87" type="stmt" count="0"/>
        <line num="90" type="stmt" count="0"/>
        <line num="92" type="stmt" count="0"/>
        <line num="93" type="stmt" count="0"/>
        <line num="94" type="stmt" count="0"/>
        <line num="95" type="stmt" count="0"/>
        <line num="96" type="stmt" count="0"/>
        <line num="99" type="stmt" count="0"/>
        <line num="101" type="stmt" count="0"/>
        <line num="102" type="stmt" count="0"/>
        <line num="103" type="stmt" count="0"/>
        <line num="104" type="stmt" count="0"/>
        <line num="112" type="method" name="appendItem" visibility="public" complexity="5" crap="30.00" count="0"/>
        <line num="114" type="stmt" count="0"/>
        <line num="116" type="stmt" count="0"/>
        <line num="117" type="stmt" count="0"/>
        <line num="118" type="stmt" count="0"/>
        <line num="126" type="stmt" count="0"/>
        <line num="127" type="stmt" count="0"/>
        <line num="128" type="stmt" count="0"/>
        <line num="129" type="stmt" count="0"/>
        <line num="130" type="stmt" count="0"/>
        <line num="133" type="stmt" count="0"/>
        <line num="134" type="stmt" count="0"/>
        <line num="137" type="stmt" count="0"/>
        <line num="138" type="stmt" count="0"/>
        <line num="139" type="stmt" count="0"/>
        <line num="140" type="stmt" count="0"/>
        <line num="141" type="stmt" count="0"/>
        <line num="144" type="stmt" count="0"/>
        <line num="146" type="stmt" count="0"/>
        <line num="147" type="stmt" count="0"/>
        <line num="148" type="stmt" count="0"/>
        <line num="149" type="stmt" count="0"/>
        <line num="158" type="method" name="removeItem" visibility="public" complexity="6" crap="42.00" count="0"/>
        <line num="160" type="stmt" count="0"/>
        <line num="162" type="stmt" count="0"/>
        <line num="163" type="stmt" count="0"/>
        <line num="164" type="stmt" count="0"/>
        <line num="167" type="stmt" count="0"/>
        <line num="168" type="stmt" count="0"/>
        <line num="176" type="stmt" count="0"/>
        <line num="177" type="stmt" count="0"/>
        <line num="180" type="stmt" count="0"/>
        <line num="182" type="stmt" count="0"/>
        <line num="189" type="method" name="deleteOrder" visibility="public" complexity="4" crap="20.00" count="0"/>
        <line num="191" type="stmt" count="0"/>
        <line num="193" type="stmt" count="0"/>
        <line num="194" type="stmt" count="0"/>
        <line num="195" type="stmt" count="0"/>
        <line num="203" type="stmt" count="0"/>
        <line num="204" type="stmt" count="0"/>
        <line num="207" type="stmt" count="0"/>
        <line num="209" type="stmt" count="0"/>
        <line num="217" type="method" name="validateBody" visibility="private" complexity="11" crap="132.00" count="0"/>
        <line num="219" type="stmt" count="0"/>
        <line num="220" type="stmt" count="0"/>
        <line num="221" type="stmt" count="0"/>
        <line num="224" type="stmt" count="0"/>
        <line num="225" type="stmt" count="0"/>
        <line num="228" type="stmt" count="0"/>
        <line num="229" type="stmt" count="0"/>
        <line num="232" type="stmt" count="0"/>
        <line num="233" type="stmt" count="0"/>
        <line num="234" type="stmt" count="0"/>
        <line num="237" type="stmt" count="0"/>
        <line num="238" type="stmt" count="0"/>
        <line num="242" type="stmt" count="0"/>
        <line num="249" type="method" name="formatOrderedItems" visibility="private" complexity="1" crap="2.00" count="0"/>
        <line num="253" type="stmt" count="0"/>
        <line num="255" type="stmt" count="0"/>
        <line num="256" type="stmt" count="0"/>
        <line num="257" type="stmt" count="0"/>
        <line num="259" type="stmt" count="0"/>
        <line num="260" type="stmt" count="0"/>
        <line num="262" type="stmt" count="0"/>
        <metrics loc="263" ncloc="189" classes="1" methods="8" coveredmethods="0" conditionals="0" coveredconditionals="0" statements="90" coveredstatements="0" elements="98" coveredelements="0"/>
      </file>
      <file name="/Users/freid/www/octane/restaurant-api/src/app/routes/RestaurantRoute.php">
        <class name="App\RestaurantRoute" namespace="App" fullPackage="App" package="App">
          <metrics complexity="6" methods="2" coveredmethods="0" conditionals="0" coveredconditionals="0" statements="12" coveredstatements="0" elements="14" coveredelements="0"/>
        </class>
        <line num="24" type="method" name="__construct" visibility="public" complexity="1" crap="2.00" count="0"/>
        <line num="26" type="stmt" count="0"/>
        <line num="27" type="stmt" count="0"/>
        <line num="35" type="method" name="restaurants" visibility="public" complexity="5" crap="30.00" count="0"/>
        <line num="40" type="stmt" count="0"/>
        <line num="41" type="stmt" count="0"/>
        <line num="42" type="stmt" count="0"/>
        <line num="43" type="stmt" count="0"/>
        <line num="45" type="stmt" count="0"/>
        <line num="48" type="stmt" count="0"/>
        <line num="49" type="stmt" count="0"/>
        <line num="50" type="stmt" count="0"/>
        <line num="52" type="stmt" count="0"/>
        <line num="54" type="stmt" count="0"/>
        <metrics loc="55" ncloc="38" classes="1" methods="2" coveredmethods="0" conditionals="0" coveredconditionals="0" statements="12" coveredstatements="0" elements="14" coveredelements="0"/>
      </file>
    </package>
    <package name="Restaurant">
      <file name="/Users/freid/www/octane/restaurant-api/src/restaurant/Bill.php">
        <class name="Restaurant\Bill" namespace="Restaurant" fullPackage="Restaurant" package="Restaurant">
          <metrics complexity="17" methods="14" coveredmethods="14" conditionals="0" coveredconditionals="0" statements="32" coveredstatements="32" elements="46" coveredelements="46"/>
        </class>
        <line num="26" type="method" name="__construct" visibility="public" complexity="1" crap="1" count="12"/>
        <line num="28" type="stmt" count="12"/>
        <line num="29" type="stmt" count="12"/>
        <line num="30" type="stmt" count="12"/>
        <line num="35" type="method" name="getOrder" visibility="public" complexity="1" crap="1" count="9"/>
        <line num="37" type="stmt" count="9"/>
        <line num="43" type="method" name="setOrder" visibility="public" complexity="1" crap="1" count="1"/>
        <line num="45" type="stmt" count="1"/>
        <line num="46" type="stmt" count="1"/>
        <line num="51" type="method" name="getTransactions" visibility="public" complexity="1" crap="1" count="11"/>
        <line num="53" type="stmt" count="11"/>
        <line num="59" type="method" name="setTransactions" visibility="public" complexity="1" crap="1" count="1"/>
        <line num="61" type="stmt" count="1"/>
        <line num="62" type="stmt" count="1"/>
        <line num="67" type="method" name="getTotalPaid" visibility="public" complexity="1" crap="1" count="5"/>
        <line num="70" type="stmt" count="4"/>
        <line num="71" type="stmt" count="5"/>
        <line num="77" type="method" name="getTransactionOrderedItemIds" visibility="public" complexity="1" crap="1" count="8"/>
        <line num="81" type="stmt" count="5"/>
        <line num="82" type="stmt" count="5"/>
        <line num="84" type="stmt" count="5"/>
        <line num="85" type="stmt" count="8"/>
        <line num="91" type="method" name="getTotalCharged" visibility="public" complexity="1" crap="1" count="6"/>
        <line num="94" type="stmt" count="6"/>
        <line num="95" type="stmt" count="6"/>
        <line num="101" type="method" name="getTotalDue" visibility="public" complexity="1" crap="1" count="4"/>
        <line num="103" type="stmt" count="4"/>
        <line num="109" type="method" name="getTotalDiscount" visibility="public" complexity="1" crap="1" count="1"/>
        <line num="111" type="stmt" count="1"/>
        <line num="117" type="method" name="getTotalOriginalPrice" visibility="public" complexity="1" crap="1" count="2"/>
        <line num="120" type="stmt" count="2"/>
        <line num="121" type="stmt" count="2"/>
        <line num="127" type="method" name="getTotalSavings" visibility="public" complexity="1" crap="1" count="1"/>
        <line num="130" type="stmt" count="1"/>
        <line num="131" type="stmt" count="1"/>
        <line num="137" type="method" name="getTotalTip" visibility="public" complexity="2" crap="2" count="1"/>
        <line num="140" type="stmt" count="1"/>
        <line num="141" type="stmt" count="1"/>
        <line num="143" type="stmt" count="1"/>
        <line num="144" type="stmt" count="1"/>
        <line num="150" type="method" name="getState" visibility="public" complexity="3" crap="3" count="3"/>
        <line num="152" type="stmt" count="3"/>
        <line num="153" type="stmt" count="1"/>
        <line num="154" type="stmt" count="2"/>
        <line num="155" type="stmt" count="1"/>
        <line num="158" type="stmt" count="1"/>
        <metrics loc="159" ncloc="105" classes="1" methods="14" coveredmethods="14" conditionals="0" coveredconditionals="0" statements="32" coveredstatements="32" elements="46" coveredelements="46"/>
      </file>
      <file name="/Users/freid/www/octane/restaurant-api/src/restaurant/Customer.php">
        <class name="Restaurant\Customer" namespace="Restaurant" fullPackage="App" package="App">
          <metrics complexity="8" methods="8" coveredmethods="8" conditionals="0" coveredconditionals="0" statements="14" coveredstatements="14" elements="22" coveredelements="22"/>
        </class>
        <line num="32" type="method" name="__construct" visibility="public" complexity="1" crap="1" count="26"/>
        <line num="34" type="stmt" count="26"/>
        <line num="35" type="stmt" count="26"/>
        <line num="36" type="stmt" count="26"/>
        <line num="37" type="stmt" count="26"/>
        <line num="42" type="method" name="getId" visibility="public" complexity="1" crap="1" count="3"/>
        <line num="44" type="stmt" count="3"/>
        <line num="50" type="method" name="setId" visibility="public" complexity="1" crap="1" count="1"/>
        <line num="52" type="stmt" count="1"/>
        <line num="53" type="stmt" count="1"/>
        <line num="58" type="method" name="getFirstName" visibility="public" complexity="1" crap="1" count="2"/>
        <line num="60" type="stmt" count="2"/>
        <line num="66" type="method" name="setFirstName" visibility="public" complexity="1" crap="1" count="1"/>
        <line num="68" type="stmt" count="1"/>
        <line num="69" type="stmt" count="1"/>
        <line num="74" type="method" name="getLastName" visibility="public" complexity="1" crap="1" count="2"/>
        <line num="76" type="stmt" count="2"/>
        <line num="82" type="method" name="setLastName" visibility="public" complexity="1" crap="1" count="1"/>
        <line num="84" type="stmt" count="1"/>
        <line num="85" type="stmt" count="1"/>
        <line num="90" type="method" name="getFullName" visibility="public" complexity="1" crap="1" count="1"/>
        <line num="92" type="stmt" count="1"/>
        <metrics loc="93" ncloc="53" classes="1" methods="8" coveredmethods="8" conditionals="0" coveredconditionals="0" statements="14" coveredstatements="14" elements="22" coveredelements="22"/>
      </file>
      <file name="/Users/freid/www/octane/restaurant-api/src/restaurant/MenuItem.php">
        <class name="Restaurant\MenuItem" namespace="Restaurant" fullPackage="App" package="App">
          <metrics complexity="12" methods="10" coveredmethods="10" conditionals="0" coveredconditionals="0" statements="20" coveredstatements="20" elements="30" coveredelements="30"/>
        </class>
        <line num="38" type="method" name="__construct" visibility="public" complexity="1" crap="1" count="26"/>
        <line num="40" type="stmt" count="26"/>
        <line num="41" type="stmt" count="26"/>
        <line num="42" type="stmt" count="26"/>
        <line num="43" type="stmt" count="26"/>
        <line num="44" type="stmt" count="26"/>
        <line num="49" type="method" name="getId" visibility="public" complexity="1" crap="1" count="1"/>
        <line num="51" type="stmt" count="1"/>
        <line num="57" type="method" name="setId" visibility="public" complexity="1" crap="1" count="1"/>
        <line num="59" type="stmt" count="1"/>
        <line num="60" type="stmt" count="1"/>
        <line num="65" type="method" name="getItem" visibility="public" complexity="1" crap="1" count="2"/>
        <line num="67" type="stmt" count="2"/>
        <line num="73" type="method" name="setItem" visibility="public" complexity="1" crap="1" count="1"/>
        <line num="75" type="stmt" count="1"/>
        <line num="76" type="stmt" count="1"/>
        <line num="81" type="method" name="getPrice" visibility="public" complexity="1" crap="1" count="6"/>
        <line num="83" type="stmt" count="6"/>
        <line num="89" type="method" name="setPrice" visibility="public" complexity="1" crap="1" count="1"/>
        <line num="91" type="stmt" count="1"/>
        <line num="92" type="stmt" count="1"/>
        <line num="98" type="method" name="getDiscountPrice" visibility="public" complexity="3" crap="3" count="2"/>
        <line num="100" type="stmt" count="2"/>
        <line num="101" type="stmt" count="1"/>
        <line num="104" type="stmt" count="1"/>
        <line num="110" type="method" name="isAvailable" visibility="public" complexity="1" crap="1" count="1"/>
        <line num="112" type="stmt" count="1"/>
        <line num="118" type="method" name="setAvailable" visibility="public" complexity="1" crap="1" count="1"/>
        <line num="120" type="stmt" count="1"/>
        <line num="121" type="stmt" count="1"/>
        <metrics loc="121" ncloc="70" classes="1" methods="10" coveredmethods="10" conditionals="0" coveredconditionals="0" statements="20" coveredstatements="20" elements="30" coveredelements="30"/>
      </file>
      <file name="/Users/freid/www/octane/restaurant-api/src/restaurant/Order.php">
        <class name="Restaurant\Order" namespace="Restaurant" fullPackage="App" package="App">
          <metrics complexity="11" methods="9" coveredmethods="9" conditionals="0" coveredconditionals="0" statements="22" coveredstatements="22" elements="31" coveredelements="31"/>
        </class>
        <line num="32" type="method" name="__construct" visibility="public" complexity="1" crap="1" count="22"/>
        <line num="34" type="stmt" count="22"/>
        <line num="35" type="stmt" count="22"/>
        <line num="36" type="stmt" count="22"/>
        <line num="37" type="stmt" count="22"/>
        <line num="43" type="method" name="getOrderedItems" visibility="public" complexity="3" crap="3" count="11"/>
        <line num="45" type="stmt" count="11"/>
        <line num="46" type="stmt" count="11"/>
        <line num="49" type="stmt" count="6"/>
        <line num="51" type="stmt" count="6"/>
        <line num="52" type="stmt" count="6"/>
        <line num="54" type="stmt" count="1"/>
        <line num="55" type="stmt" count="6"/>
        <line num="62" type="method" name="countOrderedItems" visibility="public" complexity="1" crap="1" count="3"/>
        <line num="64" type="stmt" count="3"/>
        <line num="70" type="method" name="setOrderedItems" visibility="public" complexity="1" crap="1" count="1"/>
        <line num="72" type="stmt" count="1"/>
        <line num="73" type="stmt" count="1"/>
        <line num="78" type="method" name="getId" visibility="public" complexity="1" crap="1" count="3"/>
        <line num="80" type="stmt" count="3"/>
        <line num="86" type="method" name="setId" visibility="public" complexity="1" crap="1" count="1"/>
        <line num="88" type="stmt" count="1"/>
        <line num="89" type="stmt" count="1"/>
        <line num="94" type="method" name="getCustomer" visibility="public" complexity="1" crap="1" count="1"/>
        <line num="96" type="stmt" count="1"/>
        <line num="102" type="method" name="setCustomer" visibility="public" complexity="1" crap="1" count="1"/>
        <line num="104" type="stmt" count="1"/>
        <line num="105" type="stmt" count="1"/>
        <line num="110" type="method" name="appendOrderedItem" visibility="public" complexity="1" crap="1" count="2"/>
        <line num="112" type="stmt" count="2"/>
        <line num="113" type="stmt" count="2"/>
        <metrics loc="113" ncloc="69" classes="1" methods="9" coveredmethods="9" conditionals="0" coveredconditionals="0" statements="22" coveredstatements="22" elements="31" coveredelements="31"/>
      </file>
      <file name="/Users/freid/www/octane/restaurant-api/src/restaurant/OrderedItem.php">
        <class name="Restaurant\OrderedItem" namespace="Restaurant" fullPackage="App" package="App">
          <metrics complexity="11" methods="9" coveredmethods="9" conditionals="0" coveredconditionals="0" statements="17" coveredstatements="17" elements="26" coveredelements="26"/>
        </class>
        <line num="38" type="method" name="__construct" visibility="public" complexity="2" crap="2" count="18"/>
        <line num="40" type="stmt" count="18"/>
        <line num="41" type="stmt" count="18"/>
        <line num="42" type="stmt" count="18"/>
        <line num="43" type="stmt" count="18"/>
        <line num="44" type="stmt" count="18"/>
        <line num="49" type="method" name="getId" visibility="public" complexity="1" crap="1" count="7"/>
        <line num="51" type="stmt" count="7"/>
        <line num="57" type="method" name="setId" visibility="public" complexity="1" crap="1" count="1"/>
        <line num="59" type="stmt" count="1"/>
        <line num="60" type="stmt" count="1"/>
        <line num="65" type="method" name="getItem" visibility="public" complexity="1" crap="1" count="4"/>
        <line num="67" type="stmt" count="4"/>
        <line num="73" type="method" name="setItem" visibility="public" complexity="1" crap="1" count="1"/>
        <line num="75" type="stmt" count="1"/>
        <line num="76" type="stmt" count="1"/>
        <line num="81" type="method" name="getPriceCharged" visibility="public" complexity="1" crap="1" count="7"/>
        <line num="83" type="stmt" count="7"/>
        <line num="89" type="method" name="setPriceCharged" visibility="public" complexity="1" crap="1" count="1"/>
        <line num="91" type="stmt" count="1"/>
        <line num="92" type="stmt" count="1"/>
        <line num="97" type="method" name="getDiscount" visibility="public" complexity="2" crap="2" count="2"/>
        <line num="99" type="stmt" count="2"/>
        <line num="105" type="method" name="setDiscount" visibility="public" complexity="1" crap="1" count="1"/>
        <line num="107" type="stmt" count="1"/>
        <line num="108" type="stmt" count="1"/>
        <metrics loc="108" ncloc="61" classes="1" methods="9" coveredmethods="9" conditionals="0" coveredconditionals="0" statements="17" coveredstatements="17" elements="26" coveredelements="26"/>
      </file>
      <file name="/Users/freid/www/octane/restaurant-api/src/restaurant/Restaurant.php">
        <class name="Restaurant\Restaurant" namespace="Restaurant" fullPackage="App" package="App">
          <metrics complexity="8" methods="8" coveredmethods="8" conditionals="0" coveredconditionals="0" statements="15" coveredstatements="15" elements="23" coveredelements="23"/>
        </class>
        <line num="32" type="method" name="__construct" visibility="public" complexity="1" crap="1" count="4"/>
        <line num="34" type="stmt" count="4"/>
        <line num="35" type="stmt" count="4"/>
        <line num="36" type="stmt" count="4"/>
        <line num="37" type="stmt" count="4"/>
        <line num="42" type="method" name="getId" visibility="public" complexity="1" crap="1" count="1"/>
        <line num="44" type="stmt" count="1"/>
        <line num="50" type="method" name="setId" visibility="public" complexity="1" crap="1" count="1"/>
        <line num="52" type="stmt" count="1"/>
        <line num="53" type="stmt" count="1"/>
        <line num="58" type="method" name="getName" visibility="public" complexity="1" crap="1" count="1"/>
        <line num="60" type="stmt" count="1"/>
        <line num="66" type="method" name="setName" visibility="public" complexity="1" crap="1" count="1"/>
        <line num="68" type="stmt" count="1"/>
        <line num="69" type="stmt" count="1"/>
        <line num="74" type="method" name="getMenuItems" visibility="public" complexity="1" crap="1" count="2"/>
        <line num="76" type="stmt" count="2"/>
        <line num="82" type="method" name="setMenuItems" visibility="public" complexity="1" crap="1" count="1"/>
        <line num="84" type="stmt" count="1"/>
        <line num="85" type="stmt" count="1"/>
        <line num="90" type="method" name="appendMenuItem" visibility="public" complexity="1" crap="1" count="1"/>
        <line num="92" type="stmt" count="1"/>
        <line num="93" type="stmt" count="1"/>
        <metrics loc="93" ncloc="53" classes="1" methods="8" coveredmethods="8" conditionals="0" coveredconditionals="0" statements="15" coveredstatements="15" elements="23" coveredelements="23"/>
      </file>
      <file name="/Users/freid/www/octane/restaurant-api/src/restaurant/Transaction.php">
        <class name="Restaurant\Transaction" namespace="Restaurant" fullPackage="Restaurant" package="Restaurant">
          <metrics complexity="11" methods="11" coveredmethods="11" conditionals="0" coveredconditionals="0" statements="21" coveredstatements="21" elements="32" coveredelements="32"/>
        </class>
        <line num="44" type="method" name="__construct" visibility="public" complexity="1" crap="1" count="13"/>
        <line num="46" type="stmt" count="13"/>
        <line num="47" type="stmt" count="13"/>
        <line num="48" type="stmt" count="13"/>
        <line num="49" type="stmt" count="13"/>
        <line num="50" type="stmt" count="13"/>
        <line num="51" type="stmt" count="13"/>
        <line num="56" type="method" name="getId" visibility="public" complexity="1" crap="1" count="1"/>
        <line num="58" type="stmt" count="1"/>
        <line num="64" type="method" name="setId" visibility="public" complexity="1" crap="1" count="1"/>
        <line num="66" type="stmt" count="1"/>
        <line num="67" type="stmt" count="1"/>
        <line num="72" type="method" name="getCustomer" visibility="public" complexity="1" crap="1" count="1"/>
        <line num="74" type="stmt" count="1"/>
        <line num="80" type="method" name="setCustomer" visibility="public" complexity="1" crap="1" count="1"/>
        <line num="82" type="stmt" count="1"/>
        <line num="83" type="stmt" count="1"/>
        <line num="88" type="method" name="getOrder" visibility="public" complexity="1" crap="1" count="6"/>
        <line num="90" type="stmt" count="6"/>
        <line num="96" type="method" name="setOrder" visibility="public" complexity="1" crap="1" count="1"/>
        <line num="98" type="stmt" count="1"/>
        <line num="99" type="stmt" count="1"/>
        <line num="104" type="method" name="getPaid" visibility="public" complexity="1" crap="1" count="6"/>
        <line num="106" type="stmt" count="6"/>
        <line num="112" type="method" name="setPaid" visibility="public" complexity="1" crap="1" count="1"/>
        <line num="114" type="stmt" count="1"/>
        <line num="115" type="stmt" count="1"/>
        <line num="120" type="method" name="isTip" visibility="public" complexity="1" crap="1" count="2"/>
        <line num="122" type="stmt" count="2"/>
        <line num="128" type="method" name="setTip" visibility="public" complexity="1" crap="1" count="1"/>
        <line num="130" type="stmt" count="1"/>
        <line num="131" type="stmt" count="1"/>
        <metrics loc="131" ncloc="74" classes="1" methods="11" coveredmethods="11" conditionals="0" coveredconditionals="0" statements="21" coveredstatements="21" elements="32" coveredelements="32"/>
      </file>
    </package>
    <metrics files="19" loc="2330" ncloc="1582" classes="19" methods="121" coveredmethods="69" conditionals="0" coveredconditionals="0" statements="614" coveredstatements="141" elements="735" coveredelements="210"/>
  </project>
</coverage>
