<?xml version="1.0" encoding="UTF-8"?>
<testsuites>
  <testsuite name="app" tests="39" assertions="55" errors="0" failures="0" skipped="0" time="0.036618">
    <testsuite name="Test\phpunit\Restaurant\BillTest" file="/Users/freid/www/octane/restaurant-api/tests/phpunit/restaurant/BillTest.php" tests="11" assertions="13" errors="0" failures="0" skipped="0" time="0.012351">
      <testcase name="testSetOrder" class="Test\phpunit\Restaurant\BillTest" classname="Test.phpunit.Restaurant.BillTest" file="/Users/freid/www/octane/restaurant-api/tests/phpunit/restaurant/BillTest.php" line="22" assertions="2" time="0.001853"/>
      <testcase name="testSetTransactions" class="Test\phpunit\Restaurant\BillTest" classname="Test.phpunit.Restaurant.BillTest" file="/Users/freid/www/octane/restaurant-api/tests/phpunit/restaurant/BillTest.php" line="38" assertions="2" time="0.000996"/>
      <testcase name="testGetTotalPaid" class="Test\phpunit\Restaurant\BillTest" classname="Test.phpunit.Restaurant.BillTest" file="/Users/freid/www/octane/restaurant-api/tests/phpunit/restaurant/BillTest.php" line="58" assertions="1" time="0.000995"/>
      <testcase name="testGetTotalCharged" class="Test\phpunit\Restaurant\BillTest" classname="Test.phpunit.Restaurant.BillTest" file="/Users/freid/www/octane/restaurant-api/tests/phpunit/restaurant/BillTest.php" line="79" assertions="1" time="0.001014"/>
      <testcase name="testGetTotalDue" class="Test\phpunit\Restaurant\BillTest" classname="Test.phpunit.Restaurant.BillTest" file="/Users/freid/www/octane/restaurant-api/tests/phpunit/restaurant/BillTest.php" line="100" assertions="1" time="0.001108"/>
      <testcase name="testGetTotalDiscount" class="Test\phpunit\Restaurant\BillTest" classname="Test.phpunit.Restaurant.BillTest" file="/Users/freid/www/octane/restaurant-api/tests/phpunit/restaurant/BillTest.php" line="120" assertions="1" time="0.001079"/>
      <testcase name="testGetTotalOriginalPrice" class="Test\phpunit\Restaurant\BillTest" classname="Test.phpunit.Restaurant.BillTest" file="/Users/freid/www/octane/restaurant-api/tests/phpunit/restaurant/BillTest.php" line="138" assertions="1" time="0.000941"/>
      <testcase name="testGetTotalSavings" class="Test\phpunit\Restaurant\BillTest" classname="Test.phpunit.Restaurant.BillTest" file="/Users/freid/www/octane/restaurant-api/tests/phpunit/restaurant/BillTest.php" line="156" assertions="1" time="0.001000"/>
      <testcase name="testGetTotalTip" class="Test\phpunit\Restaurant\BillTest" classname="Test.phpunit.Restaurant.BillTest" file="/Users/freid/www/octane/restaurant-api/tests/phpunit/restaurant/BillTest.php" line="177" assertions="1" time="0.001096"/>
      <testcase name="testGetOpenState" class="Test\phpunit\Restaurant\BillTest" classname="Test.phpunit.Restaurant.BillTest" file="/Users/freid/www/octane/restaurant-api/tests/phpunit/restaurant/BillTest.php" line="199" assertions="1" time="0.001155"/>
      <testcase name="testGetClosedState" class="Test\phpunit\Restaurant\BillTest" classname="Test.phpunit.Restaurant.BillTest" file="/Users/freid/www/octane/restaurant-api/tests/phpunit/restaurant/BillTest.php" line="217" assertions="1" time="0.001114"/>
    </testsuite>
    <testsuite name="Test\phpunit\Restaurant\CustomerTest" file="/Users/freid/www/octane/restaurant-api/tests/phpunit/restaurant/CustomerTest.php" tests="4" assertions="4" errors="0" failures="0" skipped="0" time="0.003312">
      <testcase name="testSetId" class="Test\phpunit\Restaurant\CustomerTest" classname="Test.phpunit.Restaurant.CustomerTest" file="/Users/freid/www/octane/restaurant-api/tests/phpunit/restaurant/CustomerTest.php" line="17" assertions="1" time="0.000813"/>
      <testcase name="testSetFirstName" class="Test\phpunit\Restaurant\CustomerTest" classname="Test.phpunit.Restaurant.CustomerTest" file="/Users/freid/www/octane/restaurant-api/tests/phpunit/restaurant/CustomerTest.php" line="25" assertions="1" time="0.000948"/>
      <testcase name="testSetLastName" class="Test\phpunit\Restaurant\CustomerTest" classname="Test.phpunit.Restaurant.CustomerTest" file="/Users/freid/www/octane/restaurant-api/tests/phpunit/restaurant/CustomerTest.php" line="32" assertions="1" time="0.000773"/>
      <testcase name="testGetFullName" class="Test\phpunit\Restaurant\CustomerTest" classname="Test.phpunit.Restaurant.CustomerTest" file="/Users/freid/www/octane/restaurant-api/tests/phpunit/restaurant/CustomerTest.php" line="39" assertions="1" time="0.000778"/>
    </testsuite>
    <testsuite name="Test\phpunit\Restaurant\MenuItemTest" file="/Users/freid/www/octane/restaurant-api/tests/phpunit/restaurant/MenuItemTest.php" tests="6" assertions="6" errors="0" failures="0" skipped="0" time="0.004700">
      <testcase name="testSetId" class="Test\phpunit\Restaurant\MenuItemTest" classname="Test.phpunit.Restaurant.MenuItemTest" file="/Users/freid/www/octane/restaurant-api/tests/phpunit/restaurant/MenuItemTest.php" line="17" assertions="1" time="0.000771"/>
      <testcase name="testSetItem" class="Test\phpunit\Restaurant\MenuItemTest" classname="Test.phpunit.Restaurant.MenuItemTest" file="/Users/freid/www/octane/restaurant-api/tests/phpunit/restaurant/MenuItemTest.php" line="24" assertions="1" time="0.000768"/>
      <testcase name="testSetPrice" class="Test\phpunit\Restaurant\MenuItemTest" classname="Test.phpunit.Restaurant.MenuItemTest" file="/Users/freid/www/octane/restaurant-api/tests/phpunit/restaurant/MenuItemTest.php" line="31" assertions="1" time="0.000765"/>
      <testcase name="testSetAvailable" class="Test\phpunit\Restaurant\MenuItemTest" classname="Test.phpunit.Restaurant.MenuItemTest" file="/Users/freid/www/octane/restaurant-api/tests/phpunit/restaurant/MenuItemTest.php" line="38" assertions="1" time="0.000776"/>
      <testcase name="testGetDiscountPrice" class="Test\phpunit\Restaurant\MenuItemTest" classname="Test.phpunit.Restaurant.MenuItemTest" file="/Users/freid/www/octane/restaurant-api/tests/phpunit/restaurant/MenuItemTest.php" line="45" assertions="1" time="0.000908"/>
      <testcase name="testGetNullDiscountPrice" class="Test\phpunit\Restaurant\MenuItemTest" classname="Test.phpunit.Restaurant.MenuItemTest" file="/Users/freid/www/octane/restaurant-api/tests/phpunit/restaurant/MenuItemTest.php" line="51" assertions="1" time="0.000712"/>
    </testsuite>
    <testsuite name="Test\phpunit\Restaurant\OrderTest" file="/Users/freid/www/octane/restaurant-api/tests/phpunit/restaurant/OrderTest.php" tests="5" assertions="14" errors="0" failures="0" skipped="0" time="0.005196">
      <testcase name="testSetId" class="Test\phpunit\Restaurant\OrderTest" classname="Test.phpunit.Restaurant.OrderTest" file="/Users/freid/www/octane/restaurant-api/tests/phpunit/restaurant/OrderTest.php" line="20" assertions="1" time="0.000791"/>
      <testcase name="testSetCustomer" class="Test\phpunit\Restaurant\OrderTest" classname="Test.phpunit.Restaurant.OrderTest" file="/Users/freid/www/octane/restaurant-api/tests/phpunit/restaurant/OrderTest.php" line="28" assertions="2" time="0.000896"/>
      <testcase name="testSetOrderedItems" class="Test\phpunit\Restaurant\OrderTest" classname="Test.phpunit.Restaurant.OrderTest" file="/Users/freid/www/octane/restaurant-api/tests/phpunit/restaurant/OrderTest.php" line="37" assertions="3" time="0.001139"/>
      <testcase name="testAppendOrderedItem" class="Test\phpunit\Restaurant\OrderTest" classname="Test.phpunit.Restaurant.OrderTest" file="/Users/freid/www/octane/restaurant-api/tests/phpunit/restaurant/OrderTest.php" line="55" assertions="4" time="0.001118"/>
      <testcase name="testGetOrderedItemByIds" class="Test\phpunit\Restaurant\OrderTest" classname="Test.phpunit.Restaurant.OrderTest" file="/Users/freid/www/octane/restaurant-api/tests/phpunit/restaurant/OrderTest.php" line="73" assertions="4" time="0.001252"/>
    </testsuite>
    <testsuite name="Test\phpunit\Restaurant\OrderedItemTest" file="/Users/freid/www/octane/restaurant-api/tests/phpunit/restaurant/OrderedItemTest.php" tests="4" assertions="5" errors="0" failures="0" skipped="0" time="0.003269">
      <testcase name="testSetId" class="Test\phpunit\Restaurant\OrderedItemTest" classname="Test.phpunit.Restaurant.OrderedItemTest" file="/Users/freid/www/octane/restaurant-api/tests/phpunit/restaurant/OrderedItemTest.php" line="18" assertions="1" time="0.000791"/>
      <testcase name="testSetItem" class="Test\phpunit\Restaurant\OrderedItemTest" classname="Test.phpunit.Restaurant.OrderedItemTest" file="/Users/freid/www/octane/restaurant-api/tests/phpunit/restaurant/OrderedItemTest.php" line="26" assertions="2" time="0.000895"/>
      <testcase name="testSetPriceCharged" class="Test\phpunit\Restaurant\OrderedItemTest" classname="Test.phpunit.Restaurant.OrderedItemTest" file="/Users/freid/www/octane/restaurant-api/tests/phpunit/restaurant/OrderedItemTest.php" line="35" assertions="1" time="0.000780"/>
      <testcase name="testSetDiscountCharged" class="Test\phpunit\Restaurant\OrderedItemTest" classname="Test.phpunit.Restaurant.OrderedItemTest" file="/Users/freid/www/octane/restaurant-api/tests/phpunit/restaurant/OrderedItemTest.php" line="43" assertions="1" time="0.000803"/>
    </testsuite>
    <testsuite name="Test\phpunit\Restaurant\RestaurantTest" file="/Users/freid/www/octane/restaurant-api/tests/phpunit/restaurant/RestaurantTest.php" tests="4" assertions="6" errors="0" failures="0" skipped="0" time="0.003401">
      <testcase name="testSetId" class="Test\phpunit\Restaurant\RestaurantTest" classname="Test.phpunit.Restaurant.RestaurantTest" file="/Users/freid/www/octane/restaurant-api/tests/phpunit/restaurant/RestaurantTest.php" line="18" assertions="1" time="0.000852"/>
      <testcase name="testSetName" class="Test\phpunit\Restaurant\RestaurantTest" classname="Test.phpunit.Restaurant.RestaurantTest" file="/Users/freid/www/octane/restaurant-api/tests/phpunit/restaurant/RestaurantTest.php" line="26" assertions="1" time="0.000751"/>
      <testcase name="testSetMenuItems" class="Test\phpunit\Restaurant\RestaurantTest" classname="Test.phpunit.Restaurant.RestaurantTest" file="/Users/freid/www/octane/restaurant-api/tests/phpunit/restaurant/RestaurantTest.php" line="34" assertions="2" time="0.000911"/>
      <testcase name="testAppendMenuItems" class="Test\phpunit\Restaurant\RestaurantTest" classname="Test.phpunit.Restaurant.RestaurantTest" file="/Users/freid/www/octane/restaurant-api/tests/phpunit/restaurant/RestaurantTest.php" line="51" assertions="2" time="0.000887"/>
    </testsuite>
    <testsuite name="Test\phpunit\Restaurant\TransactionTest" file="/Users/freid/www/octane/restaurant-api/tests/phpunit/restaurant/TransactionTest.php" tests="5" assertions="7" errors="0" failures="0" skipped="0" time="0.004390">
      <testcase name="testSetId" class="Test\phpunit\Restaurant\TransactionTest" classname="Test.phpunit.Restaurant.TransactionTest" file="/Users/freid/www/octane/restaurant-api/tests/phpunit/restaurant/TransactionTest.php" line="19" assertions="1" time="0.000819"/>
      <testcase name="testSetName" class="Test\phpunit\Restaurant\TransactionTest" classname="Test.phpunit.Restaurant.TransactionTest" file="/Users/freid/www/octane/restaurant-api/tests/phpunit/restaurant/TransactionTest.php" line="29" assertions="2" time="0.000942"/>
      <testcase name="testSetOrder" class="Test\phpunit\Restaurant\TransactionTest" classname="Test.phpunit.Restaurant.TransactionTest" file="/Users/freid/www/octane/restaurant-api/tests/phpunit/restaurant/TransactionTest.php" line="40" assertions="2" time="0.001007"/>
      <testcase name="testSetPaid" class="Test\phpunit\Restaurant\TransactionTest" classname="Test.phpunit.Restaurant.TransactionTest" file="/Users/freid/www/octane/restaurant-api/tests/phpunit/restaurant/TransactionTest.php" line="51" assertions="1" time="0.000810"/>
      <testcase name="testSetTip" class="Test\phpunit\Restaurant\TransactionTest" classname="Test.phpunit.Restaurant.TransactionTest" file="/Users/freid/www/octane/restaurant-api/tests/phpunit/restaurant/TransactionTest.php" line="61" assertions="1" time="0.000812"/>
    </testsuite>
  </testsuite>
</testsuites>
